  Source.cpp
C:\Users\mazou\Desktop\Rattrapage C++\WorkShop\Exercice 4\Exercice 4\Source.cpp(20,47): error C2248: 'Fraction::numerator' : impossible d'accéder à private membre déclaré(e) dans la classe 'Fraction'
  C:\Users\mazou\Desktop\Rattrapage C++\WorkShop\Exercice 4\Exercice 4\Fraction.h(5,9):
  voir la déclaration de 'Fraction::numerator'
  C:\Users\mazou\Desktop\Rattrapage C++\WorkShop\Exercice 4\Exercice 4\Fraction.h(3,7):
  voir la déclaration de 'Fraction'
  
C:\Users\mazou\Desktop\Rattrapage C++\WorkShop\Exercice 4\Exercice 4\Source.cpp(20,67): error C2248: 'Fraction::denominator' : impossible d'accéder à private membre déclaré(e) dans la classe 'Fraction'
  C:\Users\mazou\Desktop\Rattrapage C++\WorkShop\Exercice 4\Exercice 4\Fraction.h(6,9):
  voir la déclaration de 'Fraction::denominator'
  C:\Users\mazou\Desktop\Rattrapage C++\WorkShop\Exercice 4\Exercice 4\Fraction.h(3,7):
  voir la déclaration de 'Fraction'
  
C:\Users\mazou\Desktop\Rattrapage C++\WorkShop\Exercice 4\Exercice 4\Source.cpp(21,59): error C2248: 'Fraction::numerator' : impossible d'accéder à private membre déclaré(e) dans la classe 'Fraction'
  C:\Users\mazou\Desktop\Rattrapage C++\WorkShop\Exercice 4\Exercice 4\Fraction.h(5,9):
  voir la déclaration de 'Fraction::numerator'
  C:\Users\mazou\Desktop\Rattrapage C++\WorkShop\Exercice 4\Exercice 4\Fraction.h(3,7):
  voir la déclaration de 'Fraction'
  
C:\Users\mazou\Desktop\Rattrapage C++\WorkShop\Exercice 4\Exercice 4\Source.cpp(21,83): error C2248: 'Fraction::denominator' : impossible d'accéder à private membre déclaré(e) dans la classe 'Fraction'
  C:\Users\mazou\Desktop\Rattrapage C++\WorkShop\Exercice 4\Exercice 4\Fraction.h(6,9):
  voir la déclaration de 'Fraction::denominator'
  C:\Users\mazou\Desktop\Rattrapage C++\WorkShop\Exercice 4\Exercice 4\Fraction.h(3,7):
  voir la déclaration de 'Fraction'
  
C:\Users\mazou\Desktop\Rattrapage C++\WorkShop\Exercice 4\Exercice 4\Source.cpp(22,65): error C2248: 'Fraction::numerator' : impossible d'accéder à private membre déclaré(e) dans la classe 'Fraction'
  C:\Users\mazou\Desktop\Rattrapage C++\WorkShop\Exercice 4\Exercice 4\Fraction.h(5,9):
  voir la déclaration de 'Fraction::numerator'
  C:\Users\mazou\Desktop\Rattrapage C++\WorkShop\Exercice 4\Exercice 4\Fraction.h(3,7):
  voir la déclaration de 'Fraction'
  
C:\Users\mazou\Desktop\Rattrapage C++\WorkShop\Exercice 4\Exercice 4\Source.cpp(22,91): error C2248: 'Fraction::denominator' : impossible d'accéder à private membre déclaré(e) dans la classe 'Fraction'
  C:\Users\mazou\Desktop\Rattrapage C++\WorkShop\Exercice 4\Exercice 4\Fraction.h(6,9):
  voir la déclaration de 'Fraction::denominator'
  C:\Users\mazou\Desktop\Rattrapage C++\WorkShop\Exercice 4\Exercice 4\Fraction.h(3,7):
  voir la déclaration de 'Fraction'
  
C:\Users\mazou\Desktop\Rattrapage C++\WorkShop\Exercice 4\Exercice 4\Source.cpp(23,47): error C2248: 'Fraction::numerator' : impossible d'accéder à private membre déclaré(e) dans la classe 'Fraction'
  C:\Users\mazou\Desktop\Rattrapage C++\WorkShop\Exercice 4\Exercice 4\Fraction.h(5,9):
  voir la déclaration de 'Fraction::numerator'
  C:\Users\mazou\Desktop\Rattrapage C++\WorkShop\Exercice 4\Exercice 4\Fraction.h(3,7):
  voir la déclaration de 'Fraction'
  
C:\Users\mazou\Desktop\Rattrapage C++\WorkShop\Exercice 4\Exercice 4\Source.cpp(23,67): error C2248: 'Fraction::denominator' : impossible d'accéder à private membre déclaré(e) dans la classe 'Fraction'
  C:\Users\mazou\Desktop\Rattrapage C++\WorkShop\Exercice 4\Exercice 4\Fraction.h(6,9):
  voir la déclaration de 'Fraction::denominator'
  C:\Users\mazou\Desktop\Rattrapage C++\WorkShop\Exercice 4\Exercice 4\Fraction.h(3,7):
  voir la déclaration de 'Fraction'
  
